2024-09-02 12:54:17 INFO  SpringBatchApplication:55 - Starting SpringBatchApplication using Java 17.0.12 on thinkbook with PID 12744 (C:\Users\nyanm\CodeProjects\SpringProjects\spring-batch\target\classes started by nyanm in C:\Users\nyanm\CodeProjects\SpringProjects\spring-batch)
2024-09-02 12:54:17 DEBUG SpringBatchApplication:56 - Running with Spring Boot v2.7.18, Spring v5.3.31
2024-09-02 12:54:17 INFO  SpringBatchApplication:632 - No active profile set, falling back to 1 default profile: "default"
2024-09-02 12:54:17 INFO  RepositoryConfigurationDelegate:132 - Bootstrapping Spring Data JPA repositories in DEFAULT mode.
2024-09-02 12:54:18 INFO  RepositoryConfigurationDelegate:201 - Finished Spring Data repository scanning in 48 ms. Found 1 JPA repository interfaces.
2024-09-02 12:54:18 INFO  TomcatWebServer:108 - Tomcat initialized with port(s): 8080 (http)
2024-09-02 12:54:18 INFO  Http11NioProtocol:173 - Initializing ProtocolHandler ["http-nio-8080"]
2024-09-02 12:54:18 INFO  StandardService:173 - Starting service [Tomcat]
2024-09-02 12:54:18 INFO  StandardEngine:173 - Starting Servlet engine: [Apache Tomcat/9.0.83]
2024-09-02 12:54:18 INFO  [/]:173 - Initializing Spring embedded WebApplicationContext
2024-09-02 12:54:18 INFO  ServletWebServerApplicationContext:292 - Root WebApplicationContext: initialization completed in 1408 ms
2024-09-02 12:54:18 INFO  HikariDataSource:110 - HikariPool-1 - Starting...
2024-09-02 12:54:19 INFO  HikariDataSource:123 - HikariPool-1 - Start completed.
2024-09-02 12:54:19 INFO  LogHelper:31 - HHH000204: Processing PersistenceUnitInfo [name: default]
2024-09-02 12:54:19 INFO  Version:44 - HHH000412: Hibernate ORM core version 5.6.15.Final
2024-09-02 12:54:19 INFO  Version:56 - HCANN000001: Hibernate Commons Annotations {5.1.2.Final}
2024-09-02 12:54:19 INFO  Dialect:175 - HHH000400: Using dialect: org.hibernate.dialect.H2Dialect
2024-09-02 12:54:20 INFO  JtaPlatformInitiator:52 - HHH000490: Using JtaPlatform implementation: [org.hibernate.engine.transaction.jta.platform.internal.NoJtaPlatform]
2024-09-02 12:54:20 INFO  LocalContainerEntityManagerFactoryBean:437 - Initialized JPA EntityManagerFactory for persistence unit 'default'
2024-09-02 12:54:20 WARN  JpaBaseConfiguration$JpaWebConfiguration:223 - spring.jpa.open-in-view is enabled by default. Therefore, database queries may be performed during view rendering. Explicitly configure spring.jpa.open-in-view to disable this warning
2024-09-02 12:54:20 WARN  JpaBatchConfigurer:63 - JPA does not support custom isolation levels, so locks may not be taken when launching Jobs. To silence this warning, set 'spring.batch.jdbc.isolation-level-for-create' to 'default'.
2024-09-02 12:54:20 INFO  JobRepositoryFactoryBean:185 - No database type set, using meta data indicating: H2
2024-09-02 12:54:20 INFO  SimpleJobLauncher:215 - No TaskExecutor has been set, defaulting to synchronous executor.
2024-09-02 12:54:20 INFO  Http11NioProtocol:173 - Starting ProtocolHandler ["http-nio-8080"]
2024-09-02 12:54:20 INFO  TomcatWebServer:220 - Tomcat started on port(s): 8080 (http) with context path ''
2024-09-02 12:54:21 INFO  SpringBatchApplication:61 - Started SpringBatchApplication in 4.051 seconds (JVM running for 5.082)
2024-09-02 12:54:21 INFO  JobLauncherApplicationRunner:166 - Running default command line with: []
2024-09-02 12:54:21 INFO  SimpleJobLauncher:146 - Job: [SimpleJob: [name=importTransactionJob]] launched with the following parameters: [{}]
2024-09-02 12:54:21 INFO  SimpleStepHandler:149 - Executing step: [step1]
2024-09-02 12:54:21 INFO  AbstractStep:273 - Step: [step1] executed in 157ms
2024-09-02 12:54:21 INFO  SimpleJobLauncher:152 - Job: [SimpleJob: [name=importTransactionJob]] completed with the following parameters: [{}] and the following status: [COMPLETED] in 172ms
2024-09-02 12:54:44 INFO  [/]:173 - Initializing Spring DispatcherServlet 'dispatcherServlet'
2024-09-02 12:54:44 INFO  DispatcherServlet:525 - Initializing Servlet 'dispatcherServlet'
2024-09-02 12:54:44 INFO  DispatcherServlet:547 - Completed initialization in 0 ms
2024-09-02 12:54:44 INFO  TransactionRestController:31 - searchTransaction with params: customerId=, accountNumber=, description=
2024-09-02 12:55:08 INFO  LocalContainerEntityManagerFactoryBean:651 - Closing JPA EntityManagerFactory for persistence unit 'default'
2024-09-02 12:55:08 INFO  SchemaDropperImpl$DelayedDropActionImpl:538 - HHH000477: Starting delayed evictData of schema as part of SessionFactory shut-down'
2024-09-02 12:55:08 INFO  HikariDataSource:350 - HikariPool-1 - Shutdown initiated...
2024-09-02 12:55:08 INFO  HikariDataSource:352 - HikariPool-1 - Shutdown completed.
2024-09-02 12:55:12 INFO  SpringBatchApplication:55 - Starting SpringBatchApplication using Java 17.0.12 on thinkbook with PID 16224 (C:\Users\nyanm\CodeProjects\SpringProjects\spring-batch\target\classes started by nyanm in C:\Users\nyanm\CodeProjects\SpringProjects\spring-batch)
2024-09-02 12:55:12 DEBUG SpringBatchApplication:56 - Running with Spring Boot v2.7.18, Spring v5.3.31
2024-09-02 12:55:12 INFO  SpringBatchApplication:632 - No active profile set, falling back to 1 default profile: "default"
2024-09-02 12:55:12 INFO  RepositoryConfigurationDelegate:132 - Bootstrapping Spring Data JPA repositories in DEFAULT mode.
2024-09-02 12:55:12 INFO  RepositoryConfigurationDelegate:201 - Finished Spring Data repository scanning in 43 ms. Found 1 JPA repository interfaces.
2024-09-02 12:55:13 INFO  TomcatWebServer:108 - Tomcat initialized with port(s): 8080 (http)
2024-09-02 12:55:13 INFO  Http11NioProtocol:173 - Initializing ProtocolHandler ["http-nio-8080"]
2024-09-02 12:55:13 INFO  StandardService:173 - Starting service [Tomcat]
2024-09-02 12:55:13 INFO  StandardEngine:173 - Starting Servlet engine: [Apache Tomcat/9.0.83]
2024-09-02 12:55:13 INFO  [/]:173 - Initializing Spring embedded WebApplicationContext
2024-09-02 12:55:13 INFO  ServletWebServerApplicationContext:292 - Root WebApplicationContext: initialization completed in 1364 ms
2024-09-02 12:55:13 INFO  HikariDataSource:110 - HikariPool-1 - Starting...
2024-09-02 12:55:13 INFO  HikariDataSource:123 - HikariPool-1 - Start completed.
2024-09-02 12:55:14 INFO  LogHelper:31 - HHH000204: Processing PersistenceUnitInfo [name: default]
2024-09-02 12:55:14 INFO  Version:44 - HHH000412: Hibernate ORM core version 5.6.15.Final
2024-09-02 12:55:14 INFO  Version:56 - HCANN000001: Hibernate Commons Annotations {5.1.2.Final}
2024-09-02 12:55:14 INFO  Dialect:175 - HHH000400: Using dialect: org.hibernate.dialect.H2Dialect
2024-09-02 12:55:14 INFO  JtaPlatformInitiator:52 - HHH000490: Using JtaPlatform implementation: [org.hibernate.engine.transaction.jta.platform.internal.NoJtaPlatform]
2024-09-02 12:55:14 INFO  LocalContainerEntityManagerFactoryBean:437 - Initialized JPA EntityManagerFactory for persistence unit 'default'
2024-09-02 12:55:15 WARN  JpaBaseConfiguration$JpaWebConfiguration:223 - spring.jpa.open-in-view is enabled by default. Therefore, database queries may be performed during view rendering. Explicitly configure spring.jpa.open-in-view to disable this warning
2024-09-02 12:55:15 WARN  JpaBatchConfigurer:63 - JPA does not support custom isolation levels, so locks may not be taken when launching Jobs. To silence this warning, set 'spring.batch.jdbc.isolation-level-for-create' to 'default'.
2024-09-02 12:55:15 INFO  JobRepositoryFactoryBean:185 - No database type set, using meta data indicating: H2
2024-09-02 12:55:15 INFO  SimpleJobLauncher:215 - No TaskExecutor has been set, defaulting to synchronous executor.
2024-09-02 12:55:15 INFO  Http11NioProtocol:173 - Starting ProtocolHandler ["http-nio-8080"]
2024-09-02 12:55:15 INFO  TomcatWebServer:220 - Tomcat started on port(s): 8080 (http) with context path ''
2024-09-02 12:55:15 INFO  SpringBatchApplication:61 - Started SpringBatchApplication in 3.719 seconds (JVM running for 4.571)
2024-09-02 12:55:15 INFO  JobLauncherApplicationRunner:166 - Running default command line with: []
2024-09-02 12:55:15 INFO  SimpleJobLauncher:146 - Job: [SimpleJob: [name=importTransactionJob]] launched with the following parameters: [{}]
2024-09-02 12:55:15 INFO  SimpleStepHandler:149 - Executing step: [step1]
2024-09-02 12:55:15 INFO  AbstractStep:273 - Step: [step1] executed in 144ms
2024-09-02 12:55:15 INFO  SimpleJobLauncher:152 - Job: [SimpleJob: [name=importTransactionJob]] completed with the following parameters: [{}] and the following status: [COMPLETED] in 160ms
2024-09-02 12:55:19 INFO  [/]:173 - Initializing Spring DispatcherServlet 'dispatcherServlet'
2024-09-02 12:55:19 INFO  DispatcherServlet:525 - Initializing Servlet 'dispatcherServlet'
2024-09-02 12:55:19 INFO  DispatcherServlet:547 - Completed initialization in 1 ms
2024-09-02 12:55:19 INFO  TransactionRestController:31 - searchTransaction with params: customerId=, accountNumber=, description=
2024-09-02 12:55:36 INFO  LocalContainerEntityManagerFactoryBean:651 - Closing JPA EntityManagerFactory for persistence unit 'default'
2024-09-02 12:55:36 INFO  SchemaDropperImpl$DelayedDropActionImpl:538 - HHH000477: Starting delayed evictData of schema as part of SessionFactory shut-down'
2024-09-02 12:55:36 INFO  HikariDataSource:350 - HikariPool-1 - Shutdown initiated...
2024-09-02 12:55:36 INFO  HikariDataSource:352 - HikariPool-1 - Shutdown completed.
2024-09-02 12:55:39 INFO  SpringBatchApplication:55 - Starting SpringBatchApplication using Java 17.0.12 on thinkbook with PID 19012 (C:\Users\nyanm\CodeProjects\SpringProjects\spring-batch\target\classes started by nyanm in C:\Users\nyanm\CodeProjects\SpringProjects\spring-batch)
2024-09-02 12:55:39 DEBUG SpringBatchApplication:56 - Running with Spring Boot v2.7.18, Spring v5.3.31
2024-09-02 12:55:39 INFO  SpringBatchApplication:632 - No active profile set, falling back to 1 default profile: "default"
2024-09-02 12:55:40 INFO  RepositoryConfigurationDelegate:132 - Bootstrapping Spring Data JPA repositories in DEFAULT mode.
2024-09-02 12:55:40 INFO  RepositoryConfigurationDelegate:201 - Finished Spring Data repository scanning in 36 ms. Found 1 JPA repository interfaces.
2024-09-02 12:55:41 INFO  TomcatWebServer:108 - Tomcat initialized with port(s): 8080 (http)
2024-09-02 12:55:41 INFO  Http11NioProtocol:173 - Initializing ProtocolHandler ["http-nio-8080"]
2024-09-02 12:55:41 INFO  StandardService:173 - Starting service [Tomcat]
2024-09-02 12:55:41 INFO  StandardEngine:173 - Starting Servlet engine: [Apache Tomcat/9.0.83]
2024-09-02 12:55:41 INFO  [/]:173 - Initializing Spring embedded WebApplicationContext
2024-09-02 12:55:41 INFO  ServletWebServerApplicationContext:292 - Root WebApplicationContext: initialization completed in 1444 ms
2024-09-02 12:55:41 INFO  HikariDataSource:110 - HikariPool-1 - Starting...
2024-09-02 12:55:41 INFO  HikariDataSource:123 - HikariPool-1 - Start completed.
2024-09-02 12:55:41 INFO  LogHelper:31 - HHH000204: Processing PersistenceUnitInfo [name: default]
2024-09-02 12:55:41 INFO  Version:44 - HHH000412: Hibernate ORM core version 5.6.15.Final
2024-09-02 12:55:41 INFO  Version:56 - HCANN000001: Hibernate Commons Annotations {5.1.2.Final}
2024-09-02 12:55:42 INFO  Dialect:175 - HHH000400: Using dialect: org.hibernate.dialect.H2Dialect
2024-09-02 12:55:42 INFO  JtaPlatformInitiator:52 - HHH000490: Using JtaPlatform implementation: [org.hibernate.engine.transaction.jta.platform.internal.NoJtaPlatform]
2024-09-02 12:55:42 INFO  LocalContainerEntityManagerFactoryBean:437 - Initialized JPA EntityManagerFactory for persistence unit 'default'
2024-09-02 12:55:43 WARN  JpaBaseConfiguration$JpaWebConfiguration:223 - spring.jpa.open-in-view is enabled by default. Therefore, database queries may be performed during view rendering. Explicitly configure spring.jpa.open-in-view to disable this warning
2024-09-02 12:55:43 WARN  JpaBatchConfigurer:63 - JPA does not support custom isolation levels, so locks may not be taken when launching Jobs. To silence this warning, set 'spring.batch.jdbc.isolation-level-for-create' to 'default'.
2024-09-02 12:55:43 INFO  JobRepositoryFactoryBean:185 - No database type set, using meta data indicating: H2
2024-09-02 12:55:43 INFO  SimpleJobLauncher:215 - No TaskExecutor has been set, defaulting to synchronous executor.
2024-09-02 12:55:43 INFO  Http11NioProtocol:173 - Starting ProtocolHandler ["http-nio-8080"]
2024-09-02 12:55:43 INFO  TomcatWebServer:220 - Tomcat started on port(s): 8080 (http) with context path ''
2024-09-02 12:55:43 INFO  SpringBatchApplication:61 - Started SpringBatchApplication in 4.381 seconds (JVM running for 5.147)
2024-09-02 12:55:43 INFO  JobLauncherApplicationRunner:166 - Running default command line with: []
2024-09-02 12:55:44 INFO  SimpleJobLauncher:146 - Job: [SimpleJob: [name=importTransactionJob]] launched with the following parameters: [{}]
2024-09-02 12:55:44 INFO  SimpleStepHandler:149 - Executing step: [step1]
2024-09-02 12:55:44 INFO  AbstractStep:273 - Step: [step1] executed in 148ms
2024-09-02 12:55:44 INFO  SimpleJobLauncher:152 - Job: [SimpleJob: [name=importTransactionJob]] completed with the following parameters: [{}] and the following status: [COMPLETED] in 181ms
2024-09-02 12:55:48 INFO  [/]:173 - Initializing Spring DispatcherServlet 'dispatcherServlet'
2024-09-02 12:55:48 INFO  DispatcherServlet:525 - Initializing Servlet 'dispatcherServlet'
2024-09-02 12:55:48 INFO  DispatcherServlet:547 - Completed initialization in 1 ms
2024-09-02 12:55:48 INFO  TransactionRestController:31 - searchTransaction with params: customerId=, accountNumber=, description=
2024-09-02 12:55:52 INFO  TransactionRestController:31 - searchTransaction with params: customerId=, accountNumber=, description=
2024-09-02 12:55:53 INFO  TransactionRestController:31 - searchTransaction with params: customerId=, accountNumber=, description=
2024-09-02 12:56:31 INFO  LocalContainerEntityManagerFactoryBean:651 - Closing JPA EntityManagerFactory for persistence unit 'default'
2024-09-02 12:56:31 INFO  SchemaDropperImpl$DelayedDropActionImpl:538 - HHH000477: Starting delayed evictData of schema as part of SessionFactory shut-down'
2024-09-02 12:56:31 INFO  HikariDataSource:350 - HikariPool-1 - Shutdown initiated...
2024-09-02 12:56:31 INFO  HikariDataSource:352 - HikariPool-1 - Shutdown completed.
2024-09-02 12:56:35 INFO  SpringBatchApplication:55 - Starting SpringBatchApplication using Java 17.0.12 on thinkbook with PID 20196 (C:\Users\nyanm\CodeProjects\SpringProjects\spring-batch\target\classes started by nyanm in C:\Users\nyanm\CodeProjects\SpringProjects\spring-batch)
2024-09-02 12:56:35 DEBUG SpringBatchApplication:56 - Running with Spring Boot v2.7.18, Spring v5.3.31
2024-09-02 12:56:35 INFO  SpringBatchApplication:632 - No active profile set, falling back to 1 default profile: "default"
2024-09-02 12:56:36 INFO  RepositoryConfigurationDelegate:132 - Bootstrapping Spring Data JPA repositories in DEFAULT mode.
2024-09-02 12:56:36 INFO  RepositoryConfigurationDelegate:201 - Finished Spring Data repository scanning in 49 ms. Found 1 JPA repository interfaces.
2024-09-02 12:56:37 INFO  TomcatWebServer:108 - Tomcat initialized with port(s): 8080 (http)
2024-09-02 12:56:37 INFO  Http11NioProtocol:173 - Initializing ProtocolHandler ["http-nio-8080"]
2024-09-02 12:56:37 INFO  StandardService:173 - Starting service [Tomcat]
2024-09-02 12:56:37 INFO  StandardEngine:173 - Starting Servlet engine: [Apache Tomcat/9.0.83]
2024-09-02 12:56:37 INFO  [/]:173 - Initializing Spring embedded WebApplicationContext
2024-09-02 12:56:37 INFO  ServletWebServerApplicationContext:292 - Root WebApplicationContext: initialization completed in 1348 ms
2024-09-02 12:56:37 INFO  HikariDataSource:110 - HikariPool-1 - Starting...
2024-09-02 12:56:37 INFO  HikariDataSource:123 - HikariPool-1 - Start completed.
2024-09-02 12:56:37 INFO  LogHelper:31 - HHH000204: Processing PersistenceUnitInfo [name: default]
2024-09-02 12:56:37 INFO  Version:44 - HHH000412: Hibernate ORM core version 5.6.15.Final
2024-09-02 12:56:37 INFO  Version:56 - HCANN000001: Hibernate Commons Annotations {5.1.2.Final}
2024-09-02 12:56:38 INFO  Dialect:175 - HHH000400: Using dialect: org.hibernate.dialect.H2Dialect
2024-09-02 12:56:38 INFO  JtaPlatformInitiator:52 - HHH000490: Using JtaPlatform implementation: [org.hibernate.engine.transaction.jta.platform.internal.NoJtaPlatform]
2024-09-02 12:56:38 INFO  LocalContainerEntityManagerFactoryBean:437 - Initialized JPA EntityManagerFactory for persistence unit 'default'
2024-09-02 12:56:38 WARN  JpaBaseConfiguration$JpaWebConfiguration:223 - spring.jpa.open-in-view is enabled by default. Therefore, database queries may be performed during view rendering. Explicitly configure spring.jpa.open-in-view to disable this warning
2024-09-02 12:56:39 WARN  JpaBatchConfigurer:63 - JPA does not support custom isolation levels, so locks may not be taken when launching Jobs. To silence this warning, set 'spring.batch.jdbc.isolation-level-for-create' to 'default'.
2024-09-02 12:56:39 INFO  JobRepositoryFactoryBean:185 - No database type set, using meta data indicating: H2
2024-09-02 12:56:39 INFO  SimpleJobLauncher:215 - No TaskExecutor has been set, defaulting to synchronous executor.
2024-09-02 12:56:39 WARN  UserDetailsServiceAutoConfiguration:89 - 

Using generated security password: 21641ace-dc6b-432d-90d0-5a9e5f22df66

This generated password is for development use only. Your security configuration must be updated before running your application in production.

2024-09-02 12:56:39 INFO  DefaultSecurityFilterChain:55 - Will secure any request with [org.springframework.security.web.session.DisableEncodeUrlFilter@5542418c, org.springframework.security.web.context.request.async.WebAsyncManagerIntegrationFilter@705eb026, org.springframework.security.web.context.SecurityContextPersistenceFilter@54f4734e, org.springframework.security.web.header.HeaderWriterFilter@2dbf8cfc, org.springframework.security.web.csrf.CsrfFilter@3c65f2e1, org.springframework.security.web.authentication.logout.LogoutFilter@1e49a77e, org.springframework.security.web.authentication.UsernamePasswordAuthenticationFilter@5dc7881d, org.springframework.security.web.authentication.ui.DefaultLoginPageGeneratingFilter@25890ce3, org.springframework.security.web.authentication.ui.DefaultLogoutPageGeneratingFilter@8de4206, org.springframework.security.web.authentication.www.BasicAuthenticationFilter@5b2fc2c0, org.springframework.security.web.savedrequest.RequestCacheAwareFilter@4be1c797, org.springframework.security.web.servletapi.SecurityContextHolderAwareRequestFilter@76bdfc19, org.springframework.security.web.authentication.AnonymousAuthenticationFilter@10f384a2, org.springframework.security.web.session.SessionManagementFilter@e76134d, org.springframework.security.web.access.ExceptionTranslationFilter@6c3884f5, org.springframework.security.web.access.intercept.FilterSecurityInterceptor@2f8b48c3]
2024-09-02 12:56:39 INFO  Http11NioProtocol:173 - Starting ProtocolHandler ["http-nio-8080"]
2024-09-02 12:56:39 INFO  TomcatWebServer:220 - Tomcat started on port(s): 8080 (http) with context path ''
2024-09-02 12:56:39 INFO  SpringBatchApplication:61 - Started SpringBatchApplication in 3.853 seconds (JVM running for 4.576)
2024-09-02 12:56:39 INFO  JobLauncherApplicationRunner:166 - Running default command line with: []
2024-09-02 12:56:39 INFO  SimpleJobLauncher:146 - Job: [SimpleJob: [name=importTransactionJob]] launched with the following parameters: [{}]
2024-09-02 12:56:39 INFO  SimpleStepHandler:149 - Executing step: [step1]
2024-09-02 12:56:39 INFO  AbstractStep:273 - Step: [step1] executed in 125ms
2024-09-02 12:56:39 INFO  SimpleJobLauncher:152 - Job: [SimpleJob: [name=importTransactionJob]] completed with the following parameters: [{}] and the following status: [COMPLETED] in 141ms
2024-09-02 12:56:42 INFO  [/]:173 - Initializing Spring DispatcherServlet 'dispatcherServlet'
2024-09-02 12:56:42 INFO  DispatcherServlet:525 - Initializing Servlet 'dispatcherServlet'
2024-09-02 12:56:42 INFO  DispatcherServlet:547 - Completed initialization in 0 ms
2024-09-02 12:56:42 WARN  SessionIdGeneratorBase:173 - Creation of SecureRandom instance for session ID generation using [SHA1PRNG] took [104] milliseconds.
2024-09-02 12:59:34 INFO  LocalContainerEntityManagerFactoryBean:651 - Closing JPA EntityManagerFactory for persistence unit 'default'
2024-09-02 12:59:34 INFO  SchemaDropperImpl$DelayedDropActionImpl:538 - HHH000477: Starting delayed evictData of schema as part of SessionFactory shut-down'
2024-09-02 12:59:34 INFO  HikariDataSource:350 - HikariPool-1 - Shutdown initiated...
2024-09-02 12:59:34 INFO  HikariDataSource:352 - HikariPool-1 - Shutdown completed.
